2020-11-11 13:27:51.478  INFO 11996 --- [restartedMain] c.i.test.SchoolDiaryApplication          : Starting SchoolDiaryApplication on DESKTOP-FRPQ1F1 with PID 11996 (D:\BRAINS\SpringWorkspace\school_diary\target\classes started by ljubomir guduric in D:\BRAINS\SpringWorkspace\school_diary)
2020-11-11 13:27:51.488  INFO 11996 --- [restartedMain] c.i.test.SchoolDiaryApplication          : No active profile set, falling back to default profiles: default
2020-11-11 13:27:51.553  INFO 11996 --- [restartedMain] .e.DevToolsPropertyDefaultsPostProcessor : Devtools property defaults active! Set 'spring.devtools.add-properties' to 'false' to disable
2020-11-11 13:27:51.555  INFO 11996 --- [restartedMain] .e.DevToolsPropertyDefaultsPostProcessor : For additional web related logging consider setting the 'logging.level.web' property to 'DEBUG'
2020-11-11 13:27:53.002  INFO 11996 --- [restartedMain] .s.d.r.c.RepositoryConfigurationDelegate : Bootstrapping Spring Data repositories in DEFAULT mode.
2020-11-11 13:27:53.214  INFO 11996 --- [restartedMain] .s.d.r.c.RepositoryConfigurationDelegate : Finished Spring Data repository scanning in 195ms. Found 12 repository interfaces.
2020-11-11 13:27:53.873  INFO 11996 --- [restartedMain] trationDelegate$BeanPostProcessorChecker : Bean 'org.springframework.transaction.annotation.ProxyTransactionManagementConfiguration' of type [org.springframework.transaction.annotation.ProxyTransactionManagementConfiguration$$EnhancerBySpringCGLIB$$3009f707] is not eligible for getting processed by all BeanPostProcessors (for example: not eligible for auto-proxying)
2020-11-11 13:27:53.955  INFO 11996 --- [restartedMain] trationDelegate$BeanPostProcessorChecker : Bean 'org.springframework.security.config.annotation.configuration.ObjectPostProcessorConfiguration' of type [org.springframework.security.config.annotation.configuration.ObjectPostProcessorConfiguration$$EnhancerBySpringCGLIB$$c8b7bf41] is not eligible for getting processed by all BeanPostProcessors (for example: not eligible for auto-proxying)
2020-11-11 13:27:53.966  INFO 11996 --- [restartedMain] trationDelegate$BeanPostProcessorChecker : Bean 'objectPostProcessor' of type [org.springframework.security.config.annotation.configuration.AutowireBeanFactoryObjectPostProcessor] is not eligible for getting processed by all BeanPostProcessors (for example: not eligible for auto-proxying)
2020-11-11 13:27:53.970  INFO 11996 --- [restartedMain] trationDelegate$BeanPostProcessorChecker : Bean 'org.springframework.security.access.expression.method.DefaultMethodSecurityExpressionHandler@bb9e92c' of type [org.springframework.security.access.expression.method.DefaultMethodSecurityExpressionHandler] is not eligible for getting processed by all BeanPostProcessors (for example: not eligible for auto-proxying)
2020-11-11 13:27:53.973  INFO 11996 --- [restartedMain] trationDelegate$BeanPostProcessorChecker : Bean 'org.springframework.security.config.annotation.method.configuration.GlobalMethodSecurityConfiguration' of type [org.springframework.security.config.annotation.method.configuration.GlobalMethodSecurityConfiguration$$EnhancerBySpringCGLIB$$ed8c61f3] is not eligible for getting processed by all BeanPostProcessors (for example: not eligible for auto-proxying)
2020-11-11 13:27:53.982  INFO 11996 --- [restartedMain] trationDelegate$BeanPostProcessorChecker : Bean 'methodSecurityMetadataSource' of type [org.springframework.security.access.method.DelegatingMethodSecurityMetadataSource] is not eligible for getting processed by all BeanPostProcessors (for example: not eligible for auto-proxying)
2020-11-11 13:27:54.641  INFO 11996 --- [restartedMain] o.s.b.w.embedded.tomcat.TomcatWebServer  : Tomcat initialized with port(s): 8080 (http)
2020-11-11 13:27:54.691  INFO 11996 --- [restartedMain] o.apache.catalina.core.StandardService   : Starting service [Tomcat]
2020-11-11 13:27:54.692  INFO 11996 --- [restartedMain] org.apache.catalina.core.StandardEngine  : Starting Servlet engine: [Apache Tomcat/9.0.17]
2020-11-11 13:27:54.945  INFO 11996 --- [restartedMain] o.a.c.c.C.[Tomcat].[localhost].[/]       : Initializing Spring embedded WebApplicationContext
2020-11-11 13:27:54.945  INFO 11996 --- [restartedMain] o.s.web.context.ContextLoader            : Root WebApplicationContext: initialization completed in 3390 ms
2020-11-11 13:27:55.281  INFO 11996 --- [restartedMain] com.zaxxer.hikari.HikariDataSource       : HikariPool-1 - Starting...
2020-11-11 13:27:55.506  INFO 11996 --- [restartedMain] com.zaxxer.hikari.HikariDataSource       : HikariPool-1 - Start completed.
2020-11-11 13:28:00.239  INFO 11996 --- [restartedMain] j.LocalContainerEntityManagerFactoryBean : Initialized JPA EntityManagerFactory for persistence unit 'default'
2020-11-11 13:28:00.330  INFO 11996 --- [restartedMain] o.s.b.d.a.OptionalLiveReloadServer       : LiveReload server is running on port 35729
2020-11-11 13:28:02.167  WARN 11996 --- [restartedMain] aWebConfiguration$JpaWebMvcConfiguration : spring.jpa.open-in-view is enabled by default. Therefore, database queries may be performed during view rendering. Explicitly configure spring.jpa.open-in-view to disable this warning
2020-11-11 13:28:02.489  INFO 11996 --- [restartedMain] o.s.s.web.DefaultSecurityFilterChain     : Creating filter chain: any request, [org.springframework.security.web.context.request.async.WebAsyncManagerIntegrationFilter@5ea04937, org.springframework.security.web.context.SecurityContextPersistenceFilter@5009fd42, org.springframework.security.web.header.HeaderWriterFilter@30028590, org.springframework.web.filter.CorsFilter@4cf8cfb6, org.springframework.security.web.authentication.logout.LogoutFilter@7c54f937, org.springframework.security.web.authentication.www.BasicAuthenticationFilter@57f29421, org.springframework.security.web.savedrequest.RequestCacheAwareFilter@67809ca0, org.springframework.security.web.servletapi.SecurityContextHolderAwareRequestFilter@3a6eb2e9, org.springframework.security.web.authentication.AnonymousAuthenticationFilter@1b08e108, org.springframework.security.web.session.SessionManagementFilter@70111f9b, org.springframework.security.web.access.ExceptionTranslationFilter@49ef751, org.springframework.security.web.access.intercept.FilterSecurityInterceptor@718e54ec]
2020-11-11 13:28:02.813  INFO 11996 --- [restartedMain] o.s.s.concurrent.ThreadPoolTaskExecutor  : Initializing ExecutorService 'applicationTaskExecutor'
2020-11-11 13:28:04.050  INFO 11996 --- [restartedMain] o.s.b.w.embedded.tomcat.TomcatWebServer  : Tomcat started on port(s): 8080 (http) with context path ''
2020-11-11 13:28:04.059  INFO 11996 --- [restartedMain] c.i.test.SchoolDiaryApplication          : Started SchoolDiaryApplication in 13.196 seconds (JVM running for 14.831)
2020-11-11 13:28:30.450  INFO 11996 --- [http-nio-8080-exec-1] o.a.c.c.C.[Tomcat].[localhost].[/]       : Initializing Spring DispatcherServlet 'dispatcherServlet'
2020-11-11 13:28:30.450  INFO 11996 --- [http-nio-8080-exec-1] o.s.web.servlet.DispatcherServlet        : Initializing Servlet 'dispatcherServlet'
2020-11-11 13:28:30.462  INFO 11996 --- [http-nio-8080-exec-1] o.s.web.servlet.DispatcherServlet        : Completed initialization in 9 ms
2020-11-11 14:34:54.092  INFO 11996 --- [http-nio-8080-exec-6] c.i.t.c.AdministratorController          : AdministratorController - findAll - starts
2020-11-11 14:35:05.372  INFO 11996 --- [http-nio-8080-exec-7] c.i.t.c.AdministratorController          : AdministratorController - findAll - starts
2020-11-11 14:52:31.736  INFO 11996 --- [http-nio-8080-exec-7] c.i.t.c.AdministratorController          : AdministratorController - findAll - starts
2020-11-11 14:52:36.154  INFO 11996 --- [http-nio-8080-exec-8] c.i.test.controllers.ParentController    : ParentController - getAllParents - starts.
2020-11-11 14:52:37.398  INFO 11996 --- [http-nio-8080-exec-9] c.i.test.controllers.StudentController   : StudentController - getAllStudents - starts.
2020-11-11 14:52:39.130  INFO 11996 --- [http-nio-8080-exec-10] c.i.test.controllers.TeacherController   : TeacherController - getAllTeachers - starts.
2020-11-11 14:52:39.618  INFO 11996 --- [http-nio-8080-exec-1] c.i.test.controllers.SubjectController   : SubjectController - getAllSubjectsAdmin - starts.
2020-11-11 14:52:40.749  INFO 11996 --- [http-nio-8080-exec-2] c.i.test.controllers.StudentController   : StudentController - getAllStudents - starts.
2020-11-11 14:52:41.315  INFO 11996 --- [http-nio-8080-exec-3] c.i.test.controllers.ClassController     : ClassController - getAllClasses - starts.
2020-11-11 15:54:36.403  INFO 11996 --- [RMI TCP Connection(3)-127.0.0.1] inMXBeanRegistrar$SpringApplicationAdmin : Application shutdown requested.
2020-11-11 15:54:36.403  INFO 11996 --- [RMI TCP Connection(4)-127.0.0.1] inMXBeanRegistrar$SpringApplicationAdmin : Application shutdown requested.
2020-11-11 15:54:38.885  INFO 11996 --- [RMI TCP Connection(3)-127.0.0.1] o.s.s.concurrent.ThreadPoolTaskExecutor  : Shutting down ExecutorService 'applicationTaskExecutor'
2020-11-11 15:54:39.454  INFO 11996 --- [RMI TCP Connection(3)-127.0.0.1] j.LocalContainerEntityManagerFactoryBean : Closing JPA EntityManagerFactory for persistence unit 'default'
2020-11-11 15:54:40.722  INFO 11996 --- [RMI TCP Connection(3)-127.0.0.1] com.zaxxer.hikari.HikariDataSource       : HikariPool-1 - Shutdown initiated...
2020-11-11 15:54:40.755  INFO 11996 --- [RMI TCP Connection(3)-127.0.0.1] com.zaxxer.hikari.HikariDataSource       : HikariPool-1 - Shutdown completed.
